# JRE version: Java(TM) SE Runtime Environment (25.0.1+8) (build 25.0.1+8-LTS-27)
# Java VM: Java HotSpot(TM) 64-Bit Server VM (25.0.1+8-LTS-27, mixed mode, sharing, tiered, compressed oops, compressed class ptrs, g1 gc, windows-amd64)
GC Precious Log:
 CardTable entry size: 512
 Card Set container configuration: InlinePtr #cards 5 size 8 Array Of Cards #cards 10 size 36 Howl #buckets 4 coarsen threshold 1843 Howl Bitmap #cards 512 size 80 coarsen threshold 460 Card regions per heap region 1 cards per card region 2048
 CPUs: 4 total, 4 available
 Memory: 7609M
 Large Page Support: Disabled
 NUMA Support: Disabled
 Compressed Oops: Enabled (32-bit)
 Heap Region Size: 1M
 Heap Min Capacity: 8M
 Heap Initial Capacity: 120M
 Heap Max Capacity: 1904M
 Pre-touch: Disabled
 Parallel Workers: 4
 Concurrent Workers: 1
 Concurrent Refinement Workers: 4
 Periodic GC: Disabled
Heap:
 garbage-first heap   total reserved 1949696K, committed 59392K, used 45272K [0x0000000089000000, 0x0000000100000000)
  region size 1024K, 15 young (15360K), 2 survivors (2048K)
GC Heap Usage History (20 events):
Event: 13.180 {heap Before GC invocations=6 (full 0):
 garbage-first heap   total reserved 1949696K, committed 58368K, used 43598K [0x0000000089000000, 0x0000000100000000)
  region size 1024K, 27 young (27648K), 3 survivors (3072K)
}
Event: 13.192 {heap After GC invocations=7 (full 0):
 garbage-first heap   total reserved 1949696K, committed 58368K, used 21869K [0x0000000089000000, 0x0000000100000000)
  region size 1024K, 2 young (2048K), 2 survivors (2048K)
}
Event: 13.279 {heap Before GC invocations=7 (full 0):
 garbage-first heap   total reserved 1949696K, committed 58368K, used 22893K [0x0000000089000000, 0x0000000100000000)
  region size 1024K, 4 young (4096K), 2 survivors (2048K)
}
Event: 13.284 {heap After GC invocations=8 (full 0):
 garbage-first heap   total reserved 1949696K, committed 58368K, used 21865K [0x0000000089000000, 0x0000000100000000)
  region size 1024K, 2 young (2048K), 2 survivors (2048K)
}
Event: 16.227 {heap Before GC invocations=9 (full 0):
 garbage-first heap   total reserved 1949696K, committed 58368K, used 46441K [0x0000000089000000, 0x0000000100000000)
  region size 1024K, 27 young (27648K), 2 survivors (2048K)
}
Event: 16.241 {heap After GC invocations=10 (full 0):
 garbage-first heap   total reserved 1949696K, committed 58368K, used 23803K [0x0000000089000000, 0x0000000100000000)
  region size 1024K, 4 young (4096K), 4 survivors (4096K)
}
Event: 18.527 {heap Before GC invocations=10 (full 0):
 garbage-first heap   total reserved 1949696K, committed 58368K, used 48379K [0x0000000089000000, 0x0000000100000000)
  region size 1024K, 29 young (29696K), 4 survivors (4096K)
}
Event: 18.540 {heap After GC invocations=11 (full 0):
 garbage-first heap   total reserved 1949696K, committed 58368K, used 25173K [0x0000000089000000, 0x0000000100000000)
  region size 1024K, 4 young (4096K), 4 survivors (4096K)
}
Event: 20.291 {heap Before GC invocations=11 (full 0):
 garbage-first heap   total reserved 1949696K, committed 58368K, used 49749K [0x0000000089000000, 0x0000000100000000)
  region size 1024K, 29 young (29696K), 4 survivors (4096K)
}
Event: 20.304 {heap After GC invocations=12 (full 0):
 garbage-first heap   total reserved 1949696K, committed 58368K, used 26445K [0x0000000089000000, 0x0000000100000000)
  region size 1024K, 3 young (3072K), 3 survivors (3072K)
}
Event: 21.178 {heap Before GC invocations=12 (full 0):
 garbage-first heap   total reserved 1949696K, committed 58368K, used 38733K [0x0000000089000000, 0x0000000100000000)
  region size 1024K, 17 young (17408K), 3 survivors (3072K)
}
Event: 21.188 {heap After GC invocations=13 (full 0):
 garbage-first heap   total reserved 1949696K, committed 58368K, used 27678K [0x0000000089000000, 0x0000000100000000)
  region size 1024K, 3 young (3072K), 3 survivors (3072K)
}
Event: 23.235 {heap Before GC invocations=14 (full 0):
 garbage-first heap   total reserved 1949696K, committed 58368K, used 51230K [0x0000000089000000, 0x0000000100000000)
  region size 1024K, 26 young (26624K), 3 survivors (3072K)
}
Event: 23.246 {heap After GC invocations=15 (full 0):
 garbage-first heap   total reserved 1949696K, committed 58368K, used 29532K [0x0000000089000000, 0x0000000100000000)
  region size 1024K, 3 young (3072K), 3 survivors (3072K)
}
Event: 43.406 {heap Before GC invocations=15 (full 0):
 garbage-first heap   total reserved 1949696K, committed 58368K, used 52060K [0x0000000089000000, 0x0000000100000000)
  region size 1024K, 25 young (25600K), 3 survivors (3072K)
}
Event: 43.421 {heap After GC invocations=16 (full 0):
 garbage-first heap   total reserved 1949696K, committed 58368K, used 30984K [0x0000000089000000, 0x0000000100000000)
  region size 1024K, 4 young (4096K), 4 survivors (4096K)
}
Event: 79.102 {heap Before GC invocations=16 (full 0):
 garbage-first heap   total reserved 1949696K, committed 58368K, used 51464K [0x0000000089000000, 0x0000000100000000)
  region size 1024K, 25 young (25600K), 4 survivors (4096K)
}
Event: 79.116 {heap After GC invocations=17 (full 0):
 garbage-first heap   total reserved 1949696K, committed 59392K, used 32396K [0x0000000089000000, 0x0000000100000000)
  region size 1024K, 4 young (4096K), 4 survivors (4096K)
}
Event: 6562.546 {heap Before GC invocations=18 (full 0):
 garbage-first heap   total reserved 1949696K, committed 59392K, used 52876K [0x0000000089000000, 0x0000000100000000)
  region size 1024K, 24 young (24576K), 4 survivors (4096K)
}
Event: 6562.655 {heap After GC invocations=19 (full 0):
 garbage-first heap   total reserved 1949696K, committed 59392K, used 32984K [0x0000000089000000, 0x0000000100000000)
  region size 1024K, 2 young (2048K), 2 survivors (2048K)
}

