# JRE version: Java(TM) SE Runtime Environment (25.0.1+8) (build 25.0.1+8-LTS-27)
# Java VM: Java HotSpot(TM) 64-Bit Server VM (25.0.1+8-LTS-27, mixed mode, sharing, tiered, compressed oops, compressed class ptrs, g1 gc, windows-amd64)
GC Precious Log:
 CardTable entry size: 512
 Card Set container configuration: InlinePtr #cards 5 size 8 Array Of Cards #cards 10 size 36 Howl #buckets 4 coarsen threshold 1843 Howl Bitmap #cards 512 size 80 coarsen threshold 460 Card regions per heap region 1 cards per card region 2048
 CPUs: 4 total, 4 available
 Memory: 7609M
 Large Page Support: Disabled
 NUMA Support: Disabled
 Compressed Oops: Enabled (32-bit)
 Heap Region Size: 1M
 Heap Min Capacity: 8M
 Heap Initial Capacity: 120M
 Heap Max Capacity: 1904M
 Pre-touch: Disabled
 Parallel Workers: 4
 Concurrent Workers: 1
 Concurrent Refinement Workers: 4
 Periodic GC: Disabled
Heap:
 garbage-first heap   total reserved 1949696K, committed 58368K, used 32460K [0x0000000089000000, 0x0000000100000000)
  region size 1024K, 4 young (4096K), 2 survivors (2048K)
GC Heap Usage History (20 events):
Event: 4.352 {heap Before GC invocations=2 (full 0):
 garbage-first heap   total reserved 1949696K, committed 124928K, used 23573K [0x0000000089000000, 0x0000000100000000)
  region size 1024K, 15 young (15360K), 5 survivors (5120K)
}
Event: 4.366 {heap After GC invocations=3 (full 0):
 garbage-first heap   total reserved 1949696K, committed 124928K, used 15941K [0x0000000089000000, 0x0000000100000000)
  region size 1024K, 6 young (6144K), 6 survivors (6144K)
}
Event: 6.005 {heap Before GC invocations=4 (full 0):
 garbage-first heap   total reserved 1949696K, committed 58368K, used 44613K [0x0000000089000000, 0x0000000100000000)
  region size 1024K, 34 young (34816K), 6 survivors (6144K)
}
Event: 6.039 {heap After GC invocations=5 (full 0):
 garbage-first heap   total reserved 1949696K, committed 58368K, used 17295K [0x0000000089000000, 0x0000000100000000)
  region size 1024K, 4 young (4096K), 4 survivors (4096K)
}
Event: 7.269 {heap Before GC invocations=5 (full 0):
 garbage-first heap   total reserved 1949696K, committed 58368K, used 41871K [0x0000000089000000, 0x0000000100000000)
  region size 1024K, 28 young (28672K), 4 survivors (4096K)
}
Event: 7.298 {heap After GC invocations=6 (full 0):
 garbage-first heap   total reserved 1949696K, committed 58368K, used 20201K [0x0000000089000000, 0x0000000100000000)
  region size 1024K, 3 young (3072K), 3 survivors (3072K)
}
Event: 8.723 {heap Before GC invocations=6 (full 0):
 garbage-first heap   total reserved 1949696K, committed 58368K, used 44777K [0x0000000089000000, 0x0000000100000000)
  region size 1024K, 27 young (27648K), 3 survivors (3072K)
}
Event: 8.733 {heap After GC invocations=7 (full 0):
 garbage-first heap   total reserved 1949696K, committed 58368K, used 21951K [0x0000000089000000, 0x0000000100000000)
  region size 1024K, 2 young (2048K), 2 survivors (2048K)
}
Event: 8.737 {heap Before GC invocations=7 (full 0):
 garbage-first heap   total reserved 1949696K, committed 58368K, used 21951K [0x0000000089000000, 0x0000000100000000)
  region size 1024K, 3 young (3072K), 2 survivors (2048K)
}
Event: 8.742 {heap After GC invocations=8 (full 0):
 garbage-first heap   total reserved 1949696K, committed 58368K, used 21957K [0x0000000089000000, 0x0000000100000000)
  region size 1024K, 2 young (2048K), 2 survivors (2048K)
}
Event: 10.547 {heap Before GC invocations=9 (full 0):
 garbage-first heap   total reserved 1949696K, committed 58368K, used 46533K [0x0000000089000000, 0x0000000100000000)
  region size 1024K, 27 young (27648K), 2 survivors (2048K)
}
Event: 10.556 {heap After GC invocations=10 (full 0):
 garbage-first heap   total reserved 1949696K, committed 58368K, used 23725K [0x0000000089000000, 0x0000000100000000)
  region size 1024K, 4 young (4096K), 4 survivors (4096K)
}
Event: 12.155 {heap Before GC invocations=10 (full 0):
 garbage-first heap   total reserved 1949696K, committed 58368K, used 47277K [0x0000000089000000, 0x0000000100000000)
  region size 1024K, 28 young (28672K), 4 survivors (4096K)
}
Event: 12.166 {heap After GC invocations=11 (full 0):
 garbage-first heap   total reserved 1949696K, committed 58368K, used 25276K [0x0000000089000000, 0x0000000100000000)
  region size 1024K, 4 young (4096K), 4 survivors (4096K)
}
Event: 13.606 {heap Before GC invocations=11 (full 0):
 garbage-first heap   total reserved 1949696K, committed 58368K, used 48828K [0x0000000089000000, 0x0000000100000000)
  region size 1024K, 28 young (28672K), 4 survivors (4096K)
}
Event: 13.616 {heap After GC invocations=12 (full 0):
 garbage-first heap   total reserved 1949696K, committed 58368K, used 26297K [0x0000000089000000, 0x0000000100000000)
  region size 1024K, 3 young (3072K), 3 survivors (3072K)
}
Event: 14.428 {heap Before GC invocations=12 (full 0):
 garbage-first heap   total reserved 1949696K, committed 58368K, used 41657K [0x0000000089000000, 0x0000000100000000)
  region size 1024K, 20 young (20480K), 3 survivors (3072K)
}
Event: 14.439 {heap After GC invocations=13 (full 0):
 garbage-first heap   total reserved 1949696K, committed 58368K, used 28103K [0x0000000089000000, 0x0000000100000000)
  region size 1024K, 3 young (3072K), 3 survivors (3072K)
}
Event: 15.683 {heap Before GC invocations=14 (full 0):
 garbage-first heap   total reserved 1949696K, committed 58368K, used 51655K [0x0000000089000000, 0x0000000100000000)
  region size 1024K, 26 young (26624K), 3 survivors (3072K)
}
Event: 15.695 {heap After GC invocations=15 (full 0):
 garbage-first heap   total reserved 1949696K, committed 58368K, used 30365K [0x0000000089000000, 0x0000000100000000)
  region size 1024K, 4 young (4096K), 4 survivors (4096K)
}

